<?xml version="1.0" encoding="UTF-8"?>
<!-- Generated by org.testng.reporters.JUnitXMLReporter -->
<testsuite ignored="0" hostname="SivaSuman" failures="1" tests="11" name="Regression" time="0.06" errors="0" timestamp="2024-03-10T23:15:04 EDT">
  <testcase classname="test.day1" name="Demo" time="0.005"/>
  <testcase classname="test.day1" name="SecondTest" time="0.001"/>
  <testcase classname="test.day2" name="pLoan" time="0.001"/>
  <testcase classname="test.day3" name="LoginAPIHomeLoan" time="0.001"/>
  <testcase classname="test.day3" name="MobileloginHomeLoan" time="0.006"/>
  <testcase classname="test.day3" name="MobileloginHomeLoan" time="0.001"/>
  <testcase classname="test.day3" name="MobileloginHomeLoan" time="0.001"/>
  <testcase classname="test.day3" name="WebLoginHomeLoan" time="0.002">
    <failure type="java.lang.AssertionError" message="expected [true] but found [false]">
      <![CDATA[java.lang.AssertionError: expected [true] but found [false]
at test.day3.WebLoginHomeLoan(day3.java:13)
at java.base/java.util.ArrayList.forEach(ArrayList.java:1596)
... Removed 31 stack frames]]>
    </failure>
  </testcase> <!-- WebLoginHomeLoan -->
  <testcase classname="test.day4" name="LoginAPICarLoan" time="0.001"/>
  <testcase classname="test.day4" name="MobileloginCarLoan" time="0.005"/>
  <testcase classname="test.day4" name="WebLoginCarLoan" time="0.001"/>
</testsuite> <!-- Regression -->
